

== Warning ==  No assembly mode was specified! If you intend to assemble high-coverage multi-cell/isolate data, use '--isolate' option.


Command line: /sw/bioinfo/spades/3.15.3/snowy/bin/spades.py	--nanopore	/home/klso6609/GitHub/Genome-Analysis/DATA/RAW/genomics_data/Nanopore/E745_all.fasta.gz	-1	/home/klso6609/GitHub/Genome-Analysis/RESULTS/PREPROCESSING/TRIMMOMATIC/trimmomatic_output_paired_forward.fq	-2	/home/klso6609/GitHub/Genome-Analysis/RESULTS/PREPROCESSING/TRIMMOMATIC/trimmomatic_output_paired_reverse.fq	-o	/home/klso6609/GitHub/Genome-Analysis/RESULTS/ASSEMBLY/SPADES	-k	55	

System information:
  SPAdes version: 3.15.3
  Python version: 2.7.5
  OS: Linux-3.10.0-1160.59.1.el7.x86_64-x86_64-with-centos-7.9.2009-Core

Output dir: /home/klso6609/GitHub/Genome-Analysis/RESULTS/ASSEMBLY/SPADES
Mode: read error correction and assembling
Debug mode is turned OFF

Dataset parameters:
  Standard mode
  For multi-cell/isolate data we recommend to use '--isolate' option; for single-cell MDA data use '--sc'; for metagenomic data use '--meta'; for RNA-Seq use '--rna'.
  Reads:
    Library number: 1, library type: nanopore
      left reads: not specified
      right reads: not specified
      interlaced reads: not specified
      single reads: ['/home/klso6609/GitHub/Genome-Analysis/DATA/RAW/genomics_data/Nanopore/E745_all.fasta.gz']
      merged reads: not specified
    Library number: 2, library type: paired-end
      orientation: fr
      left reads: ['/home/klso6609/GitHub/Genome-Analysis/RESULTS/PREPROCESSING/TRIMMOMATIC/trimmomatic_output_paired_forward.fq']
      right reads: ['/home/klso6609/GitHub/Genome-Analysis/RESULTS/PREPROCESSING/TRIMMOMATIC/trimmomatic_output_paired_reverse.fq']
      interlaced reads: not specified
      single reads: not specified
      merged reads: not specified
Read error correction parameters:
  Iterations: 1
  PHRED offset will be auto-detected
  Corrected reads will be compressed
Assembly parameters:
  k: [55]
  Repeat resolution is enabled
  Mismatch careful mode is turned OFF
  MismatchCorrector will be SKIPPED
  Coverage cutoff is turned OFF
Other parameters:
  Dir for temp files: /home/klso6609/GitHub/Genome-Analysis/RESULTS/ASSEMBLY/SPADES/tmp
  Threads: 16
  Memory limit (in Gb): 125


======= SPAdes pipeline started. Log can be found here: /home/klso6609/GitHub/Genome-Analysis/RESULTS/ASSEMBLY/SPADES/spades.log

[Errno 122] Disk quota exceeded: '/home/klso6609/GitHub/Genome-Analysis/RESULTS/ASSEMBLY/SPADES/misc'
Traceback (most recent call last):
  File "/sw/bioinfo/spades/3.15.3/snowy/bin/spades.py", line 610, in main
    bin_home, ext_python_modules_home, python_modules_home)
  File "/sw/bioinfo/spades/3.15.3/snowy/bin/spades.py", line 546, in build_pipeline
    ext_python_modules_home, python_modules_home)
  File "/sw/bioinfo/spades/3.15.3/rackham/share/spades/spades_pipeline/stages/spades_stage.py", line 397, in add_to_pipeline
    dataset_data, log, bin_home, ext_python_modules_home, python_modules_home))
  File "/sw/bioinfo/spades/3.15.3/rackham/share/spades/spades_pipeline/stages/spades_stage.py", line 303, in __init__
    os.makedirs(self.output_files["misc_dir"])
  File "/usr/lib64/python2.7/os.py", line 157, in makedirs
    mkdir(name, mode)
OSError: [Errno 122] Disk quota exceeded: '/home/klso6609/GitHub/Genome-Analysis/RESULTS/ASSEMBLY/SPADES/misc'


== Error ==  exception caught: <type 'exceptions.OSError'>

In case you have troubles running SPAdes, you can write to spades.support@cab.spbu.ru
or report an issue on our GitHub repository github.com/ablab/spades
Please provide us with params.txt and spades.log files from the output directory.

SPAdes log can be found here: /home/klso6609/GitHub/Genome-Analysis/RESULTS/ASSEMBLY/SPADES/spades.log

Thank you for using SPAdes!
